<?xml version="1.0" encoding="UTF-8"?>
<!-- Generated by org.testng.reporters.JUnitReportReporter -->
<testsuite skipped="0" hostname="HIPUNL68056" name="testRunner.testRunner" tests="1" failures="0" timestamp="27 Aug 2020 11:34:23 GMT" time="31.196" errors="0">
  <testcase name="feature" time="31.196" classname="testRunner.testRunner"/>
</testsuite> <!-- testRunner.testRunner -->
